2019-10-02 10:40:39.613  [http-nio-8090-exec-1] DEBUG [czy.mooc.house.biz.mapper.HouseMapper.selectPageHouses:] http-nio-8090-exec-1cid - ==>  Preparing: select a.id, a.type, a.name, a.price, a.images, a.area, a.beds, a.baths, a.rating, a.remarks, a.properties, a.floor_plan, a.tags, a.create_time, a.city_id, a.community_id, a.address, a.state from house a WHERE state = 1 and a.type = ? order by a.price asc limit ?,? 
2019-10-02 10:40:39.890  [http-nio-8090-exec-1] DEBUG [czy.mooc.house.biz.mapper.HouseMapper.selectPageHouses:] http-nio-8090-exec-1cid - ==> Parameters: 1(Integer), 0(Integer), 5(Integer)
2019-10-02 10:40:39.954  [http-nio-8090-exec-1] DEBUG [czy.mooc.house.biz.mapper.HouseMapper.selectPageHouses:] http-nio-8090-exec-1cid - <==      Total: 5
2019-10-02 10:40:39.976  [http-nio-8090-exec-1] DEBUG [czy.mooc.house.biz.mapper.HouseMapper.selectPageCount:] http-nio-8090-exec-1cid - ==>  Preparing: select count(id) from house a WHERE state = 1 and a.type = ? 
2019-10-02 10:40:39.982  [http-nio-8090-exec-1] DEBUG [czy.mooc.house.biz.mapper.HouseMapper.selectPageCount:] http-nio-8090-exec-1cid - ==> Parameters: 1(Integer)
2019-10-02 10:40:39.984  [http-nio-8090-exec-1] DEBUG [czy.mooc.house.biz.mapper.HouseMapper.selectPageCount:] http-nio-8090-exec-1cid - <==      Total: 1
2019-10-02 10:40:44.421  [http-nio-8090-exec-6] DEBUG [czy.mooc.house.biz.mapper.HouseMapper.selectPageHouses:] http-nio-8090-exec-6cid - ==>  Preparing: select a.id, a.type, a.name, a.price, a.images, a.area, a.beds, a.baths, a.rating, a.remarks, a.properties, a.floor_plan, a.tags, a.create_time, a.city_id, a.community_id, a.address, a.state from house a WHERE state = 1 and a.id = ? order by a.create_time desc limit ?,? 
2019-10-02 10:40:44.425  [http-nio-8090-exec-6] DEBUG [czy.mooc.house.biz.mapper.HouseMapper.selectPageHouses:] http-nio-8090-exec-6cid - ==> Parameters: 24(Long), 0(Integer), 1(Integer)
2019-10-02 10:40:44.431  [http-nio-8090-exec-6] DEBUG [czy.mooc.house.biz.mapper.HouseMapper.selectPageHouses:] http-nio-8090-exec-6cid - <==      Total: 1
2019-10-02 10:40:44.432  [http-nio-8090-exec-6] DEBUG [czy.mooc.house.biz.mapper.HouseMapper.selectSaleHouseUser:] http-nio-8090-exec-6cid - ==>  Preparing: select id,house_id,user_id,create_time,type from house_user where house_id = ? and type = 1 limit 1 
2019-10-02 10:40:44.432  [http-nio-8090-exec-6] DEBUG [czy.mooc.house.biz.mapper.HouseMapper.selectSaleHouseUser:] http-nio-8090-exec-6cid - ==> Parameters: 24(Long)
2019-10-02 10:40:44.434  [http-nio-8090-exec-6] DEBUG [czy.mooc.house.biz.mapper.HouseMapper.selectSaleHouseUser:] http-nio-8090-exec-6cid - <==      Total: 0
2019-10-02 10:40:45.456  [http-nio-8090-exec-6] DEBUG [czy.mooc.house.biz.mapper.CommentMapper.selectComments:] http-nio-8090-exec-6cid - ==>  Preparing: select id, content, house_id, create_time, blog_id, type, user_id from comment where type =1 and house_id = ? order by create_time desc limit ? 
2019-10-02 10:40:45.457  [http-nio-8090-exec-6] DEBUG [czy.mooc.house.biz.mapper.CommentMapper.selectComments:] http-nio-8090-exec-6cid - ==> Parameters: 24(Long), 8(Integer)
2019-10-02 10:40:45.458  [http-nio-8090-exec-6] DEBUG [czy.mooc.house.biz.mapper.CommentMapper.selectComments:] http-nio-8090-exec-6cid - <==      Total: 0
2019-10-02 10:53:47.111  [http-nio-8090-exec-1] DEBUG [czy.mooc.house.biz.mapper.HouseMapper.selectPageHouses:] http-nio-8090-exec-1cid - ==>  Preparing: select a.id, a.type, a.name, a.price, a.images, a.area, a.beds, a.baths, a.rating, a.remarks, a.properties, a.floor_plan, a.tags, a.create_time, a.city_id, a.community_id, a.address, a.state from house a WHERE state = 1 and a.type = ? order by a.price asc limit ?,? 
2019-10-02 10:53:47.296  [http-nio-8090-exec-1] DEBUG [czy.mooc.house.biz.mapper.HouseMapper.selectPageHouses:] http-nio-8090-exec-1cid - ==> Parameters: 1(Integer), 0(Integer), 5(Integer)
2019-10-02 10:53:47.365  [http-nio-8090-exec-1] DEBUG [czy.mooc.house.biz.mapper.HouseMapper.selectPageHouses:] http-nio-8090-exec-1cid - <==      Total: 5
2019-10-02 10:53:47.390  [http-nio-8090-exec-1] DEBUG [czy.mooc.house.biz.mapper.HouseMapper.selectPageCount:] http-nio-8090-exec-1cid - ==>  Preparing: select count(id) from house a WHERE state = 1 and a.type = ? 
2019-10-02 10:53:47.395  [http-nio-8090-exec-1] DEBUG [czy.mooc.house.biz.mapper.HouseMapper.selectPageCount:] http-nio-8090-exec-1cid - ==> Parameters: 1(Integer)
2019-10-02 10:53:47.398  [http-nio-8090-exec-1] DEBUG [czy.mooc.house.biz.mapper.HouseMapper.selectPageCount:] http-nio-8090-exec-1cid - <==      Total: 1
2019-10-02 10:53:50.517  [http-nio-8090-exec-5] DEBUG [czy.mooc.house.biz.mapper.HouseMapper.selectPageHouses:] http-nio-8090-exec-5cid - ==>  Preparing: select a.id, a.type, a.name, a.price, a.images, a.area, a.beds, a.baths, a.rating, a.remarks, a.properties, a.floor_plan, a.tags, a.create_time, a.city_id, a.community_id, a.address, a.state from house a WHERE state = 1 and a.type = ? order by a.price asc limit ?,? 
2019-10-02 10:53:50.520  [http-nio-8090-exec-5] DEBUG [czy.mooc.house.biz.mapper.HouseMapper.selectPageHouses:] http-nio-8090-exec-5cid - ==> Parameters: 1(Integer), 0(Integer), 5(Integer)
2019-10-02 10:53:50.527  [http-nio-8090-exec-5] DEBUG [czy.mooc.house.biz.mapper.HouseMapper.selectPageHouses:] http-nio-8090-exec-5cid - <==      Total: 5
2019-10-02 10:53:50.528  [http-nio-8090-exec-5] DEBUG [czy.mooc.house.biz.mapper.HouseMapper.selectPageCount:] http-nio-8090-exec-5cid - ==>  Preparing: select count(id) from house a WHERE state = 1 and a.type = ? 
2019-10-02 10:53:50.529  [http-nio-8090-exec-5] DEBUG [czy.mooc.house.biz.mapper.HouseMapper.selectPageCount:] http-nio-8090-exec-5cid - ==> Parameters: 1(Integer)
2019-10-02 10:53:50.530  [http-nio-8090-exec-5] DEBUG [czy.mooc.house.biz.mapper.HouseMapper.selectPageCount:] http-nio-8090-exec-5cid - <==      Total: 1
2019-10-02 10:53:52.558  [http-nio-8090-exec-1] DEBUG [czy.mooc.house.biz.mapper.HouseMapper.selectPageHouses:] http-nio-8090-exec-1cid - ==>  Preparing: select a.id, a.type, a.name, a.price, a.images, a.area, a.beds, a.baths, a.rating, a.remarks, a.properties, a.floor_plan, a.tags, a.create_time, a.city_id, a.community_id, a.address, a.state from house a WHERE state = 1 and a.id = ? order by a.create_time desc limit ?,? 
2019-10-02 10:53:52.562  [http-nio-8090-exec-1] DEBUG [czy.mooc.house.biz.mapper.HouseMapper.selectPageHouses:] http-nio-8090-exec-1cid - ==> Parameters: 24(Long), 0(Integer), 1(Integer)
2019-10-02 10:53:52.566  [http-nio-8090-exec-1] DEBUG [czy.mooc.house.biz.mapper.HouseMapper.selectPageHouses:] http-nio-8090-exec-1cid - <==      Total: 1
2019-10-02 10:53:52.567  [http-nio-8090-exec-1] DEBUG [czy.mooc.house.biz.mapper.HouseMapper.selectSaleHouseUser:] http-nio-8090-exec-1cid - ==>  Preparing: select id,house_id,user_id,create_time,type from house_user where house_id = ? and type = 1 limit 1 
2019-10-02 10:53:52.569  [http-nio-8090-exec-1] DEBUG [czy.mooc.house.biz.mapper.HouseMapper.selectSaleHouseUser:] http-nio-8090-exec-1cid - ==> Parameters: 24(Long)
2019-10-02 10:53:52.573  [http-nio-8090-exec-1] DEBUG [czy.mooc.house.biz.mapper.HouseMapper.selectSaleHouseUser:] http-nio-8090-exec-1cid - <==      Total: 1
2019-10-02 10:53:53.587  [http-nio-8090-exec-1] DEBUG [czy.mooc.house.biz.mapper.CommentMapper.selectComments:] http-nio-8090-exec-1cid - ==>  Preparing: select id, content, house_id, create_time, blog_id, type, user_id from comment where type =1 and house_id = ? order by create_time desc limit ? 
2019-10-02 10:53:53.588  [http-nio-8090-exec-1] DEBUG [czy.mooc.house.biz.mapper.CommentMapper.selectComments:] http-nio-8090-exec-1cid - ==> Parameters: 24(Long), 8(Integer)
2019-10-02 10:53:53.590  [http-nio-8090-exec-1] DEBUG [czy.mooc.house.biz.mapper.CommentMapper.selectComments:] http-nio-8090-exec-1cid - <==      Total: 1
2019-10-02 10:53:53.596  [http-nio-8090-exec-1] DEBUG [czy.mooc.house.biz.mapper.UserMapper.selectUsersByQuery:] http-nio-8090-exec-1cid - ==>  Preparing: select * from user WHERE id = ? 
2019-10-02 10:53:53.598  [http-nio-8090-exec-1] DEBUG [czy.mooc.house.biz.mapper.UserMapper.selectUsersByQuery:] http-nio-8090-exec-1cid - ==> Parameters: 7(Long)
2019-10-02 10:53:53.601  [http-nio-8090-exec-1] DEBUG [czy.mooc.house.biz.mapper.UserMapper.selectUsersByQuery:] http-nio-8090-exec-1cid - <==      Total: 1
2019-10-02 10:53:53.604  [http-nio-8090-exec-1] DEBUG [czy.mooc.house.biz.mapper.AgencyMapper.selectAgent:] http-nio-8090-exec-1cid - ==>  Preparing: select * from user WHERE enable = 1 and type = 2 and id = ? order by id desc limit ?, ? 
2019-10-02 10:53:53.605  [http-nio-8090-exec-1] DEBUG [czy.mooc.house.biz.mapper.AgencyMapper.selectAgent:] http-nio-8090-exec-1cid - ==> Parameters: 7(Long), 0(Integer), 1(Integer)
2019-10-02 10:53:53.607  [http-nio-8090-exec-1] DEBUG [czy.mooc.house.biz.mapper.AgencyMapper.selectAgent:] http-nio-8090-exec-1cid - <==      Total: 1
2019-10-02 10:53:53.608  [http-nio-8090-exec-1] DEBUG [czy.mooc.house.biz.mapper.AgencyMapper.select:] http-nio-8090-exec-1cid - ==>  Preparing: select id , name, address, phone, email, about_us, mobile, web_site from agency WHERE id = ? 
2019-10-02 10:53:53.609  [http-nio-8090-exec-1] DEBUG [czy.mooc.house.biz.mapper.AgencyMapper.select:] http-nio-8090-exec-1cid - ==> Parameters: 1(Integer)
2019-10-02 10:53:53.611  [http-nio-8090-exec-1] DEBUG [czy.mooc.house.biz.mapper.AgencyMapper.select:] http-nio-8090-exec-1cid - <==      Total: 1
2019-10-02 10:54:26.528  [http-nio-8090-exec-3] DEBUG [czy.mooc.house.biz.mapper.HouseMapper.selectPageHouses:] http-nio-8090-exec-3cid - ==>  Preparing: select a.id, a.type, a.name, a.price, a.images, a.area, a.beds, a.baths, a.rating, a.remarks, a.properties, a.floor_plan, a.tags, a.create_time, a.city_id, a.community_id, a.address, a.state from house a WHERE state = 1 and a.id = ? order by a.create_time desc limit ?,? 
2019-10-02 10:54:26.531  [http-nio-8090-exec-3] DEBUG [czy.mooc.house.biz.mapper.HouseMapper.selectPageHouses:] http-nio-8090-exec-3cid - ==> Parameters: 30(Long), 0(Integer), 1(Integer)
2019-10-02 10:54:26.534  [http-nio-8090-exec-3] DEBUG [czy.mooc.house.biz.mapper.HouseMapper.selectPageHouses:] http-nio-8090-exec-3cid - <==      Total: 1
2019-10-02 10:54:26.535  [http-nio-8090-exec-3] DEBUG [czy.mooc.house.biz.mapper.HouseMapper.selectSaleHouseUser:] http-nio-8090-exec-3cid - ==>  Preparing: select id,house_id,user_id,create_time,type from house_user where house_id = ? and type = 1 limit 1 
2019-10-02 10:54:26.536  [http-nio-8090-exec-3] DEBUG [czy.mooc.house.biz.mapper.HouseMapper.selectSaleHouseUser:] http-nio-8090-exec-3cid - ==> Parameters: 30(Long)
2019-10-02 10:54:26.539  [http-nio-8090-exec-3] DEBUG [czy.mooc.house.biz.mapper.HouseMapper.selectSaleHouseUser:] http-nio-8090-exec-3cid - <==      Total: 1
2019-10-02 10:54:27.542  [http-nio-8090-exec-3] DEBUG [czy.mooc.house.biz.mapper.CommentMapper.selectComments:] http-nio-8090-exec-3cid - ==>  Preparing: select id, content, house_id, create_time, blog_id, type, user_id from comment where type =1 and house_id = ? order by create_time desc limit ? 
2019-10-02 10:54:27.543  [http-nio-8090-exec-3] DEBUG [czy.mooc.house.biz.mapper.CommentMapper.selectComments:] http-nio-8090-exec-3cid - ==> Parameters: 30(Long), 8(Integer)
2019-10-02 10:54:27.545  [http-nio-8090-exec-3] DEBUG [czy.mooc.house.biz.mapper.CommentMapper.selectComments:] http-nio-8090-exec-3cid - <==      Total: 1
2019-10-02 10:54:27.546  [http-nio-8090-exec-3] DEBUG [czy.mooc.house.biz.mapper.UserMapper.selectUsersByQuery:] http-nio-8090-exec-3cid - ==>  Preparing: select * from user WHERE id = ? 
2019-10-02 10:54:27.546  [http-nio-8090-exec-3] DEBUG [czy.mooc.house.biz.mapper.UserMapper.selectUsersByQuery:] http-nio-8090-exec-3cid - ==> Parameters: 7(Long)
2019-10-02 10:54:27.548  [http-nio-8090-exec-3] DEBUG [czy.mooc.house.biz.mapper.UserMapper.selectUsersByQuery:] http-nio-8090-exec-3cid - <==      Total: 1
2019-10-02 10:54:27.549  [http-nio-8090-exec-3] DEBUG [czy.mooc.house.biz.mapper.AgencyMapper.selectAgent:] http-nio-8090-exec-3cid - ==>  Preparing: select * from user WHERE enable = 1 and type = 2 and id = ? order by id desc limit ?, ? 
2019-10-02 10:54:27.550  [http-nio-8090-exec-3] DEBUG [czy.mooc.house.biz.mapper.AgencyMapper.selectAgent:] http-nio-8090-exec-3cid - ==> Parameters: 7(Long), 0(Integer), 1(Integer)
2019-10-02 10:54:27.551  [http-nio-8090-exec-3] DEBUG [czy.mooc.house.biz.mapper.AgencyMapper.selectAgent:] http-nio-8090-exec-3cid - <==      Total: 1
2019-10-02 10:54:27.552  [http-nio-8090-exec-3] DEBUG [czy.mooc.house.biz.mapper.AgencyMapper.select:] http-nio-8090-exec-3cid - ==>  Preparing: select id , name, address, phone, email, about_us, mobile, web_site from agency WHERE id = ? 
2019-10-02 10:54:27.554  [http-nio-8090-exec-3] DEBUG [czy.mooc.house.biz.mapper.AgencyMapper.select:] http-nio-8090-exec-3cid - ==> Parameters: 1(Integer)
2019-10-02 10:54:27.556  [http-nio-8090-exec-3] DEBUG [czy.mooc.house.biz.mapper.AgencyMapper.select:] http-nio-8090-exec-3cid - <==      Total: 1
